<?xml version="1.0" encoding="UTF-8"?>
<testng-results skipped="0" failed="0" total="1" passed="1">
  <reporter-output>
  </reporter-output>
  <suite name="Default suite" duration-ms="30898" started-at="2019-08-07T14:27:53Z" finished-at="2019-08-07T14:28:24Z">
    <groups>
    </groups>
    <test name="Default test" duration-ms="30898" started-at="2019-08-07T14:27:53Z" finished-at="2019-08-07T14:28:24Z">
      <class name="com.training.sanity.tests.ELTC_050_CreateTrainingSession">
        <test-method status="PASS" signature="setUpBeforeClass()[pri:0, instance:com.training.sanity.tests.ELTC_050_CreateTrainingSession@475530b9]" name="setUpBeforeClass" is-config="true" duration-ms="6" started-at="2019-08-07T19:57:53Z" finished-at="2019-08-07T19:57:53Z">
          <reporter-output>
          </reporter-output>
        </test-method> <!-- setUpBeforeClass -->
        <test-method status="PASS" signature="setUp()[pri:0, instance:com.training.sanity.tests.ELTC_050_CreateTrainingSession@475530b9]" name="setUp" is-config="true" duration-ms="5439" started-at="2019-08-07T19:57:53Z" finished-at="2019-08-07T19:57:58Z">
          <reporter-output>
          </reporter-output>
        </test-method> <!-- setUp -->
        <test-method status="PASS" signature="validLoginTest()[pri:0, instance:com.training.sanity.tests.ELTC_050_CreateTrainingSession@475530b9]" name="validLoginTest" duration-ms="23786" started-at="2019-08-07T19:57:58Z" finished-at="2019-08-07T19:58:22Z">
          <reporter-output>
          </reporter-output>
        </test-method> <!-- validLoginTest -->
        <test-method status="PASS" signature="tearDown()[pri:0, instance:com.training.sanity.tests.ELTC_050_CreateTrainingSession@475530b9]" name="tearDown" is-config="true" duration-ms="1648" started-at="2019-08-07T19:58:22Z" finished-at="2019-08-07T19:58:24Z">
          <reporter-output>
          </reporter-output>
        </test-method> <!-- tearDown -->
      </class> <!-- com.training.sanity.tests.ELTC_050_CreateTrainingSession -->
    </test> <!-- Default test -->
  </suite> <!-- Default suite -->
</testng-results>
